# JRE version: OpenJDK Runtime Environment (11.0.2+9) (build 11.0.2+9)
# Java VM: OpenJDK 64-Bit Server VM (11.0.2+9, mixed mode, tiered, compressed oops, g1 gc, windows-amd64)
Heap:
 garbage-first heap   total 364544K, used 171696K [0x000000070a000000, 0x0000000800000000)
  region size 1024K, 23 young (23552K), 14 survivors (14336K)
 Metaspace       used 65136K, capacity 68352K, committed 68384K, reserved 1107968K
  class space    used 8469K, capacity 9829K, committed 9856K, reserved 1048576K
GC Heap History (10 events):
Event: 26.376 GC heap before
{Heap before GC invocations=25 (full 0):
 garbage-first heap   total 364544K, used 181945K [0x000000070a000000, 0x0000000800000000)
  region size 1024K, 17 young (17408K), 8 survivors (8192K)
 Metaspace       used 64215K, capacity 67363K, committed 67872K, reserved 1107968K
  class space    used 8390K, capacity 9681K, committed 9856K, reserved 1048576K
}
Event: 26.388 GC heap after
{Heap after GC invocations=26 (full 0):
 garbage-first heap   total 364544K, used 148962K [0x000000070a000000, 0x0000000800000000)
  region size 1024K, 1 young (1024K), 1 survivors (1024K)
 Metaspace       used 64215K, capacity 67363K, committed 67872K, reserved 1107968K
  class space    used 8390K, capacity 9681K, committed 9856K, reserved 1048576K
}
Event: 26.769 GC heap before
{Heap before GC invocations=26 (full 0):
 garbage-first heap   total 364544K, used 283106K [0x000000070a000000, 0x0000000800000000)
  region size 1024K, 132 young (135168K), 1 survivors (1024K)
 Metaspace       used 64263K, capacity 67431K, committed 67872K, reserved 1107968K
  class space    used 8391K, capacity 9681K, committed 9856K, reserved 1048576K
}
Event: 26.776 GC heap after
{Heap after GC invocations=27 (full 0):
 garbage-first heap   total 364544K, used 151534K [0x000000070a000000, 0x0000000800000000)
  region size 1024K, 4 young (4096K), 4 survivors (4096K)
 Metaspace       used 64263K, capacity 67431K, committed 67872K, reserved 1107968K
  class space    used 8391K, capacity 9681K, committed 9856K, reserved 1048576K
}
Event: 27.075 GC heap before
{Heap before GC invocations=27 (full 0):
 garbage-first heap   total 364544K, used 288750K [0x000000070a000000, 0x0000000800000000)
  region size 1024K, 138 young (141312K), 4 survivors (4096K)
 Metaspace       used 64286K, capacity 67434K, committed 67872K, reserved 1107968K
  class space    used 8391K, capacity 9681K, committed 9856K, reserved 1048576K
}
Event: 27.081 GC heap after
{Heap after GC invocations=28 (full 0):
 garbage-first heap   total 364544K, used 154991K [0x000000070a000000, 0x0000000800000000)
  region size 1024K, 7 young (7168K), 7 survivors (7168K)
 Metaspace       used 64286K, capacity 67434K, committed 67872K, reserved 1107968K
  class space    used 8391K, capacity 9681K, committed 9856K, reserved 1048576K
}
Event: 27.427 GC heap before
{Heap before GC invocations=28 (full 0):
 garbage-first heap   total 364544K, used 293231K [0x000000070a000000, 0x0000000800000000)
  region size 1024K, 142 young (145408K), 7 survivors (7168K)
 Metaspace       used 64311K, capacity 67438K, committed 67872K, reserved 1107968K
  class space    used 8391K, capacity 9681K, committed 9856K, reserved 1048576K
}
Event: 27.437 GC heap after
{Heap after GC invocations=29 (full 0):
 garbage-first heap   total 364544K, used 159398K [0x000000070a000000, 0x0000000800000000)
  region size 1024K, 12 young (12288K), 12 survivors (12288K)
 Metaspace       used 64311K, capacity 67438K, committed 67872K, reserved 1107968K
  class space    used 8391K, capacity 9681K, committed 9856K, reserved 1048576K
}
Event: 30.311 GC heap before
{Heap before GC invocations=29 (full 0):
 garbage-first heap   total 364544K, used 296614K [0x000000070a000000, 0x0000000800000000)
  region size 1024K, 147 young (150528K), 12 survivors (12288K)
 Metaspace       used 65078K, capacity 68233K, committed 68384K, reserved 1107968K
  class space    used 8459K, capacity 9789K, committed 9856K, reserved 1048576K
}
Event: 30.327 GC heap after
{Heap after GC invocations=30 (full 0):
 garbage-first heap   total 364544K, used 163504K [0x000000070a000000, 0x0000000800000000)
  region size 1024K, 14 young (14336K), 14 survivors (14336K)
 Metaspace       used 65078K, capacity 68233K, committed 68384K, reserved 1107968K
  class space    used 8459K, capacity 9789K, committed 9856K, reserved 1048576K
}

